###############################################################################
#
# IAR ANSI C/C++ Compiler V7.20.1.7305/W32 for ARM        05/Jan/2020  11:19:32
# Copyright 1999-2014 IAR Systems AB.
#
#    Cpu mode     =  thumb
#    Endian       =  little
#    Source file  =  
#        F:\EIE_TEXT\二进制计数器\firmware_ascii\drivers\lcd_nhd-c0220biz.c
#    Command line =  
#        F:\EIE_TEXT\二进制计数器\firmware_ascii\drivers\lcd_nhd-c0220biz.c -D
#        EIE_ASCII --preprocess=cl
#        F:\EIE_TEXT\二进制计数器\firmware_ascii\iar_7_20_1\Debug\List\ -lC
#        F:\EIE_TEXT\二进制计数器\firmware_ascii\iar_7_20_1\Debug\List\ -o
#        F:\EIE_TEXT\二进制计数器\firmware_ascii\iar_7_20_1\Debug\Obj\ --no_cse
#        --no_unroll --no_inline --no_code_motion --no_tbaa --no_clustering
#        --no_scheduling --debug --endian=little --cpu=Cortex-M3 -e --fpu=None
#        --dlib_config "C:\Software\Develop\IAR for
#        ARM\arm\INC\c\DLib_Config_Normal.h" -I
#        F:\EIE_TEXT\二进制计数器\firmware_ascii\iar_7_20_1\ -I
#        F:\EIE_TEXT\二进制计数器\firmware_ascii\iar_7_20_1\..\bsp\ -I
#        F:\EIE_TEXT\二进制计数器\firmware_ascii\iar_7_20_1\..\drivers\ -I
#        F:\EIE_TEXT\二进制计数器\firmware_ascii\iar_7_20_1\..\application\ -I
#        F:\EIE_TEXT\二进制计数器\firmware_ascii\iar_7_20_1\..\..\firmware_common\
#        -I
#        F:\EIE_TEXT\二进制计数器\firmware_ascii\iar_7_20_1\..\..\firmware_common\application\
#        -I
#        F:\EIE_TEXT\二进制计数器\firmware_ascii\iar_7_20_1\..\..\firmware_common\bsp\
#        -I
#        F:\EIE_TEXT\二进制计数器\firmware_ascii\iar_7_20_1\..\..\firmware_common\cmsis\
#        -I
#        F:\EIE_TEXT\二进制计数器\firmware_ascii\iar_7_20_1\..\..\firmware_common\drivers\
#        -On --use_c++_inline --require_prototypes -I "C:\Software\Develop\IAR
#        for ARM\arm\CMSIS\Include\"
#    List file    =  
#        F:\EIE_TEXT\二进制计数器\firmware_ascii\iar_7_20_1\Debug\List\lcd_nhd-c0220biz.lst
#    Object file  =  
#        F:\EIE_TEXT\二进制计数器\firmware_ascii\iar_7_20_1\Debug\Obj\lcd_nhd-c0220biz.o
#
###############################################################################

F:\EIE_TEXT\二进制计数器\firmware_ascii\drivers\lcd_nhd-c0220biz.c
      1          /*!**********************************************************************************************************************
      2          @file lcd_nhd-c0220biz.c                                                                
      3          @brief Driver for Newhaven Display NHD-C0220BiZ ASCII LCD.
      4          
      5          This application requires an IIC (TWI) resource to output data.
      6          
      7          The displayable area of the screen is 20 characters x 2 lines, though the LCD RAM will accomodate
      8          40 characters per line (so can be used for scrolling text applications).
      9          Each character has a 1-byte address. Mnemonics are defined for the main locations
     10          
     11          Line #      Left most address             Last printed char           Right most address
     12            1       0x00 (LINE1_START_ADDR)       0x13 (LINE1_END_ADDR)       0x27 (LINE1_END_ABSOLUTE)      
     13            2       0x40 (LINE2_START_ADDR)       0x53 (LINE2_END_ADDR)       0x67 (LINE2_END_ABSOLUTE)      
     14          
     15          ------------------------------------------------------------------------------------------------------------------------
     16          GLOBALS
     17          - NONE
     18          
     19          CONSTANTS
     20          - See "LCD Commands" in lcd_nhd-c0220biz.h
     21          
     22          TYPES
     23          - NONE
     24          
     25          PUBLIC FUNCTIONS
     26          - void LcdCommand(u8 u8Command_)
     27          - void LcdMessage(u8 u8Address_, u8* pu8Message_)
     28          - void LcdClearChars(u8 u8Address_, u8 u8CharactersToClear_)
     29          
     30          PROTECTED FUNCTIONS
     31          - void LcdInitialize(void)
     32          
     33          
     34          ***********************************************************************************************************************/
     35          
     36          #include "configuration.h"
     37          
     38          /***********************************************************************************************************************
     39          Global variable definitions with scope across entire project.
     40          All Global variable names shall start with "G_<type>Lcd"
     41          ***********************************************************************************************************************/
     42          /* New variables */
     43          
     44          
     45          /*--------------------------------------------------------------------------------------------------------------------*/
     46          /* Existing variables (defined in other files -- should all contain the "extern" keyword) */
     47          extern volatile u32 G_u32SystemTime1ms;          /*!< @brief From main.c */
     48          extern volatile u32 G_u32SystemTime1s;           /*!< @brief From main.c */
     49          extern volatile u32 G_u32SystemFlags;            /*!< @brief From main.c */
     50          extern volatile u32 G_u32ApplicationFlags;       /*!< @brief From main.c */
     51          
     52          
     53          /***********************************************************************************************************************
     54          Global variable definitions with scope limited to this local application.
     55          Variable names shall start with "Lcd_" and be declared as static.
     56          ***********************************************************************************************************************/

   \                                 In section .bss, align 4
     57          static fnCode_type Lcd_pfnStateMachine;         /*!< @brief The application state machine */
   \                     Lcd_pfnStateMachine:
   \   00000000                      DS8 4
     58          

   \                                 In section .bss, align 4
     59          static u32 Lcd_u32Timer;                        /*!< @brief Timeout counter used across states */
   \                     Lcd_u32Timer:
   \   00000000                      DS8 4
     60          //static u32 Lcd_u32Flags;                        /*!< @brief Application flags */
     61          
     62          
     63          /***********************************************************************************************************************
     64          * Function Definitions
     65          ***********************************************************************************************************************/
     66          
     67          /*--------------------------------------------------------------------------------------------------------------------*/
     68          /*! @publicsection */                                                                                            
     69          /*--------------------------------------------------------------------------------------------------------------------*/
     70          
     71          /*!---------------------------------------------------------------------------------------------------------------------
     72          @fn void LcdCommand(u8 u8Command_)
     73          
     74          @brief Queues a command char to be sent to the LCD using the TWI messaging function. 
     75          
     76          Some common commands are shown below.
     77          LCD_CLEAR_CMD				Writes spaces to all chars
     78          LCD_HOME_CMD				Puts cursor at 0x00
     79          
     80          LCD_DISPLAY_CMD		  	Root literal for managing display
     81          | LCD_DISPLAY_ON				OR with LCD_DISPLAY_CMD to turn display on
     82          | LCD_DISPLAY_CURSOR		OR with LCD_DISPLAY_CMD to turn cursor on
     83          | LCD_DISPLAY_BLINK		OR with LCD_DISPLAY_CMD to turn cursor blink on
     84          
     85          e.g. Turn display on with a solid (non-blinking) cursor
     86          
     87          LcdCommand(LCD_DISPLAY_CMD | LCD_DISPLAY_ON | LCD_DISPLAY_CURSOR);
     88          
     89          Requires:
     90          @param u8Command_ is an acceptable command value for the LCD as taken from the
     91          "LCD Commands" list in lcd_nhd_c0220biz.h header file.  The command must
     92          be complete and include any optional bits.
     93          
     94          Promises:
     95          - The command is queued and will be sent to the LCD at the next
     96            available time.
     97          
     98          */

   \                                 In section .text, align 2, keep-with-next
     99          void LcdCommand(u8 u8Command_)
    100          {
   \                     LcdCommand: (+1)
   \   00000000   0xB510             PUSH     {R4,LR}
   \   00000002   0x0004             MOVS     R4,R0
    101            static u8 au8LCDWriteCommand[] = {LCD_CONTROL_COMMAND, 0x00};
    102          
    103            /* Update the command paramter into the command array */
    104            au8LCDWriteCommand[1] = u8Command_;
   \   00000004   0x....             LDR.N    R0,??DataTable4
   \   00000006   0x7044             STRB     R4,[R0, #+1]
    105              
    106            /* Queue the command to the IC application */
    107            TwiWriteData(U8_LCD_ADDRESS, sizeof(au8LCDWriteCommand), &au8LCDWriteCommand[0], TWI_STOP);
   \   00000008   0x2300             MOVS     R3,#+0
   \   0000000A   0x....             LDR.N    R2,??DataTable4
   \   0000000C   0x2102             MOVS     R1,#+2
   \   0000000E   0x203C             MOVS     R0,#+60
   \   00000010   0x.... 0x....      BL       TwiWriteData
    108          
    109            /* Add a delay during initialization to let the command send properly */
    110            if(G_u32SystemFlags & _SYSTEM_INITIALIZING )
   \   00000014   0x....             LDR.N    R0,??DataTable4_1
   \   00000016   0x6800             LDR      R0,[R0, #+0]
   \   00000018   0x2800             CMP      R0,#+0
   \   0000001A   0xD505             BPL.N    ??LcdCommand_0
    111            {
    112              for(u32 i = 0; i < 100000; i++);
   \   0000001C   0x2000             MOVS     R0,#+0
   \                     ??LcdCommand_1: (+1)
   \   0000001E   0x....             LDR.N    R1,??DataTable4_2  ;; 0x186a0
   \   00000020   0x4288             CMP      R0,R1
   \   00000022   0xD201             BCS.N    ??LcdCommand_0
   \   00000024   0x1C40             ADDS     R0,R0,#+1
   \   00000026   0xE7FA             B.N      ??LcdCommand_1
    113            }
    114            
    115          } /* end LcdCommand() */
   \                     ??LcdCommand_0: (+1)
   \   00000028   0xBD10             POP      {R4,PC}          ;; return

   \                                 In section .bss, align 2
   \                     ??au8LCDWriteCommand:
   \   00000000                      DS8 2
    116          
    117          
    118          /*!---------------------------------------------------------------------------------------------------------------------
    119          @fn void LcdMessage(u8 u8Address_, u8* pu8Message_)
    120          
    121          @brief Sends a text message to the LCD to be printed at the address specified.  
    122          
    123          The message to display is no more than (40 - the selected display location) 
    124          characters in length.  Any characters not desired on screen that will not be 
    125          overwritten need to be erased first.
    126          
    127          e.g. 
    128          u8 au8Message[] = "Hello world!";
    129          LcdMessage(LINE1_START_ADDR, au8Message);
    130          
    131          Requires:
    132          - LCD is initialized
    133          
    134          @param u8Address_ is desired starting address on the display
    135          @param pu8Message_ is a pointer to a NULL-terminated C-string
    136          
    137          Promises:
    138          - Message to set cursor address in the LCD is queued, then message data 
    139            is queued to the LCD to be displayed. 
    140          
    141          */

   \                                 In section .text, align 2, keep-with-next
    142          void LcdMessage(u8 u8Address_, u8* pu8Message_)
    143          { 
   \                     LcdMessage: (+1)
   \   00000000   0xB570             PUSH     {R4-R6,LR}
   \   00000002   0x0004             MOVS     R4,R0
   \   00000004   0x000D             MOVS     R5,R1
    144            u8 u8Index; 
    145            static u8 au8LCDMessage[U8_LCD_MESSAGE_OVERHEAD_SIZE + U8_LCD_MAX_MESSAGE_SIZE] = {LCD_CONTROL_DATA};
    146            
    147            /* Set the cursor to the correct address */
    148            LcdCommand(LCD_ADDRESS_CMD | u8Address_);
   \   00000006   0xF054 0x0080      ORRS     R0,R4,#0x80
   \   0000000A   0xB2C0             UXTB     R0,R0            ;; ZeroExt  R0,R0,#+24,#+24
   \   0000000C   0x.... 0x....      BL       LcdCommand
    149            
    150            /* Fill the message */
    151            u8Index = 1;
   \   00000010   0x2001             MOVS     R0,#+1
   \   00000012   0x0006             MOVS     R6,R0
    152            while(*pu8Message_ != '\0')
   \                     ??LcdMessage_0: (+1)
   \   00000014   0x7828             LDRB     R0,[R5, #+0]
   \   00000016   0x2800             CMP      R0,#+0
   \   00000018   0xD006             BEQ.N    ??LcdMessage_1
    153            {
    154              au8LCDMessage[u8Index++] = *pu8Message_++;
   \   0000001A   0x7828             LDRB     R0,[R5, #+0]
   \   0000001C   0x....             LDR.N    R1,??DataTable4_3
   \   0000001E   0xB2F6             UXTB     R6,R6            ;; ZeroExt  R6,R6,#+24,#+24
   \   00000020   0x5470             STRB     R0,[R6, R1]
   \   00000022   0x1C6D             ADDS     R5,R5,#+1
   \   00000024   0x1C76             ADDS     R6,R6,#+1
   \   00000026   0xE7F5             B.N      ??LcdMessage_0
    155            }
    156              
    157            /* Queue the message */
    158            TwiWriteData(U8_LCD_ADDRESS, u8Index, au8LCDMessage, TWI_STOP);
   \                     ??LcdMessage_1: (+1)
   \   00000028   0x2300             MOVS     R3,#+0
   \   0000002A   0x....             LDR.N    R2,??DataTable4_3
   \   0000002C   0xB2F6             UXTB     R6,R6            ;; ZeroExt  R6,R6,#+24,#+24
   \   0000002E   0x0031             MOVS     R1,R6
   \   00000030   0x203C             MOVS     R0,#+60
   \   00000032   0x.... 0x....      BL       TwiWriteData
    159          
    160          } /* end LcdMessage() */
   \   00000036   0xBD70             POP      {R4-R6,PC}       ;; return

   \                                 In section .data, align 4
   \                     ??au8LCDMessage:
   \   00000000   0x40 0x00          DC8 64, 0, 0, 0, 0, 0, 0, 0, 0, 0, 0, 0, 0, 0, 0, 0, 0, 0, 0, 0, 0, 0
   \              0x00 0x00    
   \              0x00 0x00    
   \              0x00 0x00    
   \              0x00 0x00    
   \              0x00 0x00    
   \              0x00 0x00    
   \              0x00 0x00    
   \              0x00 0x00    
   \              0x00 0x00    
   \              0x00 0x00    
   \   00000016   0x00 0x00          DC8 0, 0, 0, 0, 0, 0, 0, 0, 0, 0, 0, 0, 0, 0, 0, 0, 0, 0, 0, 0, 0, 0
   \              0x00 0x00    
   \              0x00 0x00    
   \              0x00 0x00    
   \              0x00 0x00    
   \              0x00 0x00    
   \              0x00 0x00    
   \              0x00 0x00    
   \              0x00 0x00    
   \              0x00 0x00    
   \              0x00 0x00    
    161          
    162          
    163          /*!---------------------------------------------------------------------------------------------------------------------
    164          @fn void LcdClearChars(u8 u8Address_, u8 u8CharactersToClear_)
    165          
    166          @brief Clears a number of chars starting from the address specified.  This function is
    167          not meant to span rows.
    168          
    169          Requires:
    170          - LCD is initialized
    171          
    172          @param u8Address_ is the starting address where the first character will be cleared
    173          @param u8CharactersToClear_ is the number of characters to clear and does not cause 
    174          the cursor to go past the available data RAM.
    175          
    176          Promises:
    177          - Message to set cursor address in the LCD is queued, then message data 
    178            consisting of all ' ' characters is queued to the LCD to be displayed. 
    179          
    180          */

   \                                 In section .text, align 2, keep-with-next
    181          void LcdClearChars(u8 u8Address_, u8 u8CharactersToClear_)
    182          { 
   \                     LcdClearChars: (+1)
   \   00000000   0xB570             PUSH     {R4-R6,LR}
   \   00000002   0x0004             MOVS     R4,R0
   \   00000004   0x000D             MOVS     R5,R1
    183            u8 u8Index; 
    184            static u8 au8LCDMessage[U8_LCD_MESSAGE_OVERHEAD_SIZE + U8_LCD_MAX_MESSAGE_SIZE] =  {LCD_CONTROL_DATA};
    185            
    186            /* Set the cursor to the correct address */
    187            LcdCommand(LCD_ADDRESS_CMD | u8Address_);
   \   00000006   0xF054 0x0080      ORRS     R0,R4,#0x80
   \   0000000A   0xB2C0             UXTB     R0,R0            ;; ZeroExt  R0,R0,#+24,#+24
   \   0000000C   0x.... 0x....      BL       LcdCommand
    188            
    189            /* Fill the message characters with ' ' */
    190            for(u8Index = 0; u8Index < u8CharactersToClear_; u8Index++)
   \   00000010   0x2000             MOVS     R0,#+0
   \   00000012   0x0006             MOVS     R6,R0
   \                     ??LcdClearChars_0: (+1)
   \   00000014   0xB2F6             UXTB     R6,R6            ;; ZeroExt  R6,R6,#+24,#+24
   \   00000016   0xB2ED             UXTB     R5,R5            ;; ZeroExt  R5,R5,#+24,#+24
   \   00000018   0x42AE             CMP      R6,R5
   \   0000001A   0xD206             BCS.N    ??LcdClearChars_1
    191            {
    192              au8LCDMessage[u8Index + 1] = ' ';
   \   0000001C   0x2020             MOVS     R0,#+32
   \   0000001E   0x....             LDR.N    R1,??DataTable4_4
   \   00000020   0xB2F6             UXTB     R6,R6            ;; ZeroExt  R6,R6,#+24,#+24
   \   00000022   0x1871             ADDS     R1,R6,R1
   \   00000024   0x7048             STRB     R0,[R1, #+1]
    193            }
   \   00000026   0x1C76             ADDS     R6,R6,#+1
   \   00000028   0xE7F4             B.N      ??LcdClearChars_0
    194                
    195            /* Queue the message */
    196            TwiWriteData(U8_LCD_ADDRESS, u8CharactersToClear_ + 1, au8LCDMessage, TWI_STOP);
   \                     ??LcdClearChars_1: (+1)
   \   0000002A   0x2300             MOVS     R3,#+0
   \   0000002C   0x....             LDR.N    R2,??DataTable4_4
   \   0000002E   0xB2ED             UXTB     R5,R5            ;; ZeroExt  R5,R5,#+24,#+24
   \   00000030   0x1C69             ADDS     R1,R5,#+1
   \   00000032   0x203C             MOVS     R0,#+60
   \   00000034   0x.... 0x....      BL       TwiWriteData
    197                	
    198          } /* end LcdClearChars() */
   \   00000038   0xBD70             POP      {R4-R6,PC}       ;; return

   \                                 In section .data, align 4
   \                     ??au8LCDMessage_1:
   \   00000000   0x40 0x00          DC8 64, 0, 0, 0, 0, 0, 0, 0, 0, 0, 0, 0, 0, 0, 0, 0, 0, 0, 0, 0, 0, 0
   \              0x00 0x00    
   \              0x00 0x00    
   \              0x00 0x00    
   \              0x00 0x00    
   \              0x00 0x00    
   \              0x00 0x00    
   \              0x00 0x00    
   \              0x00 0x00    
   \              0x00 0x00    
   \              0x00 0x00    
   \   00000016   0x00 0x00          DC8 0, 0, 0, 0, 0, 0, 0, 0, 0, 0, 0, 0, 0, 0, 0, 0, 0, 0, 0, 0, 0, 0
   \              0x00 0x00    
   \              0x00 0x00    
   \              0x00 0x00    
   \              0x00 0x00    
   \              0x00 0x00    
   \              0x00 0x00    
   \              0x00 0x00    
   \              0x00 0x00    
   \              0x00 0x00    
   \              0x00 0x00    
    199          
    200          
    201          /*--------------------------------------------------------------------------------------------------------------------*/
    202          /*! @protectedsection */                                                                                            
    203          /*--------------------------------------------------------------------------------------------------------------------*/
    204          
    205          /*!--------------------------------------------------------------------------------------------------------------------
    206          @fn void LcdInitialize(void)
    207          
    208          @brief Initializes the LCD task and manually sends a message to the LCD
    209          
    210          Requires:
    211          - NONE
    212          
    213          Promises:
    214          - LCD task Setup and LCD functions can now be called
    215          
    216          */

   \                                 In section .text, align 2, keep-with-next
    217          void LcdInitialize(void)
    218          {
   \                     LcdInitialize: (+1)
   \   00000000   0xB500             PUSH     {LR}
   \   00000002   0xB089             SUB      SP,SP,#+36
    219            u8 u8Byte;
    220            u8 au8Commands[] = 
    221            {
    222              LCD_FUNCTION_CMD, LCD_FUNCTION2_CMD, LCD_BIAS_CMD, 
    223              LCD_CONTRAST_CMD, LCD_DISPLAY_SET_CMD, LCD_FOLLOWER_CMD 
    224            };
   \   00000004   0xA801             ADD      R0,SP,#+4
   \   00000006   0x....             LDR.N    R1,??DataTable4_5
   \   00000008   0xC90C             LDM      R1!,{R2,R3}
   \   0000000A   0xC00C             STM      R0!,{R2,R3}
   \   0000000C   0x3908             SUBS     R1,R1,#+8
   \   0000000E   0x3808             SUBS     R0,R0,#+8
    225                           /* "012345567890123456789" */
    226            u8 au8Welcome[] = "RAZOR SAM3U2 ASCII   ";
   \   00000010   0xA803             ADD      R0,SP,#+12
   \   00000012   0x....             LDR.N    R1,??DataTable4_6
   \   00000014   0x2216             MOVS     R2,#+22
   \   00000016   0x.... 0x....      BL       __aeabi_memcpy
    227            
    228            /* State to Idle */
    229            Lcd_pfnStateMachine = LcdSM_Idle;
   \   0000001A   0x.... 0x....      ADR.W    R0,LcdSM_Idle
   \   0000001E   0x....             LDR.N    R1,??DataTable4_7
   \   00000020   0x6008             STR      R0,[R1, #+0]
    230            
    231            /* Turn on LCD wait 40 ms for it to setup */
    232            AT91C_BASE_PIOB->PIO_SODR = PB_09_LCD_RST;
   \   00000022   0xF44F 0x7000      MOV      R0,#+512
   \   00000026   0x....             LDR.N    R1,??DataTable4_8  ;; 0x400e0e30
   \   00000028   0x6008             STR      R0,[R1, #+0]
    233            Lcd_u32Timer = G_u32SystemTime1ms;
   \   0000002A   0x....             LDR.N    R0,??DataTable4_9
   \   0000002C   0x6800             LDR      R0,[R0, #+0]
   \   0000002E   0x....             LDR.N    R1,??DataTable4_10
   \   00000030   0x6008             STR      R0,[R1, #+0]
    234            while( !IsTimeUp(&Lcd_u32Timer, U8_LCD_STARTUP_DELAY_MS) );
   \                     ??LcdInitialize_0: (+1)
   \   00000032   0x2128             MOVS     R1,#+40
   \   00000034   0x....             LDR.N    R0,??DataTable4_10
   \   00000036   0x.... 0x....      BL       IsTimeUp
   \   0000003A   0x2800             CMP      R0,#+0
   \   0000003C   0xD0F9             BEQ.N    ??LcdInitialize_0
    235            
    236            /* Send Control Command */
    237            u8Byte = LCD_CONTROL_COMMAND;
   \   0000003E   0x2000             MOVS     R0,#+0
   \   00000040   0xF88D 0x0000      STRB     R0,[SP, #+0]
    238            TwiWriteData(U8_LCD_ADDRESS, 1, &u8Byte, TWI_NO_STOP);
   \   00000044   0x2301             MOVS     R3,#+1
   \   00000046   0xAA00             ADD      R2,SP,#+0
   \   00000048   0x2101             MOVS     R1,#+1
   \   0000004A   0x203C             MOVS     R0,#+60
   \   0000004C   0x.... 0x....      BL       TwiWriteData
    239            
    240            /* Send Control Commands */
    241            TwiWriteData(U8_LCD_ADDRESS, sizeof(au8Commands), &au8Commands[0], TWI_NO_STOP);
   \   00000050   0x2301             MOVS     R3,#+1
   \   00000052   0xAA01             ADD      R2,SP,#+4
   \   00000054   0x2106             MOVS     R1,#+6
   \   00000056   0x203C             MOVS     R0,#+60
   \   00000058   0x.... 0x....      BL       TwiWriteData
    242            
    243            /* Wait for 200 ms */
    244            Lcd_u32Timer = G_u32SystemTime1ms;
   \   0000005C   0x....             LDR.N    R0,??DataTable4_9
   \   0000005E   0x6800             LDR      R0,[R0, #+0]
   \   00000060   0x....             LDR.N    R1,??DataTable4_10
   \   00000062   0x6008             STR      R0,[R1, #+0]
    245            while( !IsTimeUp(&Lcd_u32Timer, U8_LCD_CONTROL_COMMAND_DELAY_MS) );
   \                     ??LcdInitialize_1: (+1)
   \   00000064   0x21C8             MOVS     R1,#+200
   \   00000066   0x....             LDR.N    R0,??DataTable4_10
   \   00000068   0x.... 0x....      BL       IsTimeUp
   \   0000006C   0x2800             CMP      R0,#+0
   \   0000006E   0xD0F9             BEQ.N    ??LcdInitialize_1
    246            
    247            /* Send Final Command to turn it on */
    248            u8Byte = (LCD_DISPLAY_CMD | LCD_DISPLAY_ON);
   \   00000070   0x200C             MOVS     R0,#+12
   \   00000072   0xF88D 0x0000      STRB     R0,[SP, #+0]
    249            TwiWriteData(U8_LCD_ADDRESS, 1, &u8Byte, TWI_STOP);
   \   00000076   0x2300             MOVS     R3,#+0
   \   00000078   0xAA00             ADD      R2,SP,#+0
   \   0000007A   0x2101             MOVS     R1,#+1
   \   0000007C   0x203C             MOVS     R0,#+60
   \   0000007E   0x.... 0x....      BL       TwiWriteData
    250          
    251            /* Blacklight - White */
    252            LedOn(LCD_RED);
   \   00000082   0x2008             MOVS     R0,#+8
   \   00000084   0x.... 0x....      BL       LedOn
    253            LedOn(LCD_GREEN);
   \   00000088   0x2009             MOVS     R0,#+9
   \   0000008A   0x.... 0x....      BL       LedOn
    254            LedOn(LCD_BLUE);
   \   0000008E   0x200A             MOVS     R0,#+10
   \   00000090   0x.... 0x....      BL       LedOn
    255            
    256            u8Byte = LCD_CONTROL_DATA;
   \   00000094   0x2040             MOVS     R0,#+64
   \   00000096   0xF88D 0x0000      STRB     R0,[SP, #+0]
    257            TwiWriteData(U8_LCD_ADDRESS, 1,  &u8Byte, TWI_NO_STOP);
   \   0000009A   0x2301             MOVS     R3,#+1
   \   0000009C   0xAA00             ADD      R2,SP,#+0
   \   0000009E   0x2101             MOVS     R1,#+1
   \   000000A0   0x203C             MOVS     R0,#+60
   \   000000A2   0x.... 0x....      BL       TwiWriteData
    258            TwiWriteData(U8_LCD_ADDRESS, 20, &au8Welcome[0], TWI_STOP);
   \   000000A6   0x2300             MOVS     R3,#+0
   \   000000A8   0xAA03             ADD      R2,SP,#+12
   \   000000AA   0x2114             MOVS     R1,#+20
   \   000000AC   0x203C             MOVS     R0,#+60
   \   000000AE   0x.... 0x....      BL       TwiWriteData
    259             
    260            Lcd_u32Timer = G_u32SystemTime1ms;
   \   000000B2   0x....             LDR.N    R0,??DataTable4_9
   \   000000B4   0x6800             LDR      R0,[R0, #+0]
   \   000000B6   0x....             LDR.N    R1,??DataTable4_10
   \   000000B8   0x6008             STR      R0,[R1, #+0]
    261            G_u32ApplicationFlags |= _APPLICATION_FLAGS_LCD;
   \   000000BA   0x....             LDR.N    R0,??DataTable4_11
   \   000000BC   0x6800             LDR      R0,[R0, #+0]
   \   000000BE   0xF050 0x0010      ORRS     R0,R0,#0x10
   \   000000C2   0x....             LDR.N    R1,??DataTable4_11
   \   000000C4   0x6008             STR      R0,[R1, #+0]
    262          
    263          } /* end LcdInitialize */
   \   000000C6   0xB009             ADD      SP,SP,#+36
   \   000000C8   0xBD00             POP      {PC}             ;; return
    264          
    265          
    266          /*!----------------------------------------------------------------------------------------------------------------------
    267          @fn void LcdRunActiveState(void)
    268          
    269          @brief Selects and runs one iteration of the current state in the state machine.
    270          
    271          All state machines have a TOTAL of 1ms to execute, so on average n state machines
    272          may take 1ms / n to execute.
    273          
    274          Requires:
    275          - State machine function pointer points at current state
    276          
    277          Promises:
    278          - Calls the function to pointed by the state machine function pointer
    279          
    280          */

   \                                 In section .text, align 2, keep-with-next
    281          void LcdRunActiveState(void)
    282          {
   \                     LcdRunActiveState: (+1)
   \   00000000   0xB580             PUSH     {R7,LR}
    283            Lcd_pfnStateMachine();
   \   00000002   0x....             LDR.N    R0,??DataTable4_7
   \   00000004   0x6800             LDR      R0,[R0, #+0]
   \   00000006   0x4780             BLX      R0
    284          
    285          } /* end LcdRunActiveState */
   \   00000008   0xBD01             POP      {R0,PC}          ;; return
    286          
    287          
    288          /***********************************************************************************************************************
    289          State Machine Function Declarations
    290          ***********************************************************************************************************************/
    291          
    292          /*!-------------------------------------------------------------------------------------------------------------------
    293          @fn LcdSM_Idle
    294          
    295          @brief Placeholder for some fancier functionality to come later.
    296          
    297          */

   \                                 In section .text, align 4, keep-with-next
    298          static void LcdSM_Idle(void)
    299          {
    300            
    301          } /* end LcdSM_Idle() */
   \                     LcdSM_Idle: (+1)
   \   00000000   0x4770             BX       LR               ;; return

   \                                 In section .text, align 4, keep-with-next
   \                     ??DataTable4:
   \   00000000   0x........         DC32     ??au8LCDWriteCommand

   \                                 In section .text, align 4, keep-with-next
   \                     ??DataTable4_1:
   \   00000000   0x........         DC32     G_u32SystemFlags

   \                                 In section .text, align 4, keep-with-next
   \                     ??DataTable4_2:
   \   00000000   0x000186A0         DC32     0x186a0

   \                                 In section .text, align 4, keep-with-next
   \                     ??DataTable4_3:
   \   00000000   0x........         DC32     ??au8LCDMessage

   \                                 In section .text, align 4, keep-with-next
   \                     ??DataTable4_4:
   \   00000000   0x........         DC32     ??au8LCDMessage_1

   \                                 In section .text, align 4, keep-with-next
   \                     ??DataTable4_5:
   \   00000000   0x........         DC32     ?_0

   \                                 In section .text, align 4, keep-with-next
   \                     ??DataTable4_6:
   \   00000000   0x........         DC32     ?_1

   \                                 In section .text, align 4, keep-with-next
   \                     ??DataTable4_7:
   \   00000000   0x........         DC32     Lcd_pfnStateMachine

   \                                 In section .text, align 4, keep-with-next
   \                     ??DataTable4_8:
   \   00000000   0x400E0E30         DC32     0x400e0e30

   \                                 In section .text, align 4, keep-with-next
   \                     ??DataTable4_9:
   \   00000000   0x........         DC32     G_u32SystemTime1ms

   \                                 In section .text, align 4, keep-with-next
   \                     ??DataTable4_10:
   \   00000000   0x........         DC32     Lcd_u32Timer

   \                                 In section .text, align 4, keep-with-next
   \                     ??DataTable4_11:
   \   00000000   0x........         DC32     G_u32ApplicationFlags

   \                                 In section .rodata, align 4
   \                     ?_0:
   \   00000000   0x38 0x39          DC8 56, 57, 20, 114, 94, 109, 0, 0
   \              0x14 0x72    
   \              0x5E 0x6D    
   \              0x00 0x00    

   \                                 In section .rodata, align 4
   \                     ?_1:
   \   00000000   0x52 0x41          DC8 "RAZOR SAM3U2 ASCII   "
   \              0x5A 0x4F    
   \              0x52 0x20    
   \              0x53 0x41    
   \              0x4D 0x33    
   \              0x55 0x32    
   \              0x20 0x41    
   \              0x53 0x43    
   \              0x49 0x49    
   \              0x20 0x20    
   \              0x20 0x00    
   \   00000016   0x00 0x00          DC8 0, 0

   Maximum stack usage in bytes:

   .cstack Function
   ------- --------
      16   LcdClearChars
        16   -> LcdCommand
        16   -> TwiWriteData
       8   LcdCommand
         8   -> TwiWriteData
      40   LcdInitialize
        40   -> IsTimeUp
        40   -> LedOn
        40   -> TwiWriteData
        40   -> __aeabi_memcpy
      16   LcdMessage
        16   -> LcdCommand
        16   -> TwiWriteData
       8   LcdRunActiveState
         8   -- Indirect call
       0   LcdSM_Idle


   Section sizes:

   Bytes  Function/Label
   -----  --------------
       4  ??DataTable4
       4  ??DataTable4_1
       4  ??DataTable4_10
       4  ??DataTable4_11
       4  ??DataTable4_2
       4  ??DataTable4_3
       4  ??DataTable4_4
       4  ??DataTable4_5
       4  ??DataTable4_6
       4  ??DataTable4_7
       4  ??DataTable4_8
       4  ??DataTable4_9
       8  ?_0
      24  ?_1
      58  LcdClearChars
      42  LcdCommand
     202  LcdInitialize
      56  LcdMessage
      10  LcdRunActiveState
       2  LcdSM_Idle
       4  Lcd_pfnStateMachine
       4  Lcd_u32Timer
      44  au8LCDMessage
      44  au8LCDMessage
       2  au8LCDWriteCommand

 
  10 bytes in section .bss
  88 bytes in section .data
  32 bytes in section .rodata
 418 bytes in section .text
 
 418 bytes of CODE  memory
  32 bytes of CONST memory
  98 bytes of DATA  memory

Errors: none
Warnings: none
